Arguments: 
  C:\Program Files\nodejs\node.exe C:\Users\Druid\AppData\Roaming\npm\node_modules\yarn\bin\yarn.js

PATH: 
  C:\Program Files (x86)\Common Files\Oracle\Java\javapath;C:\Windows\system32;C:\Windows;C:\Windows\System32\Wbem;C:\Windows\System32\WindowsPowerShell\v1.0\;C:\Windows\System32\OpenSSH\;C:\Program Files (x86)\NVIDIA Corporation\PhysX\Common;C:\Program Files\NVIDIA Corporation\NVIDIA NvDLISR;C:\Program Files\nodejs\;C:\Program Files\Git\cmd;C:\WINDOWS\system32;C:\WINDOWS;C:\WINDOWS\System32\Wbem;C:\WINDOWS\System32\WindowsPowerShell\v1.0\;C:\WINDOWS\System32\OpenSSH\;C:\Users\Druid\AppData\Local\Microsoft\WindowsApps;;C:\Users\Druid\AppData\Local\Programs\Microsoft VS Code\bin;C:\Users\Druid\AppData\Roaming\npm;D:\Soft\heroku\bin

Yarn version: 
  1.22.11

Node version: 
  12.16.3

Platform: 
  win32 x64

Trace: 
  SyntaxError: C:\Users\Druid\Desktop\EM\package.json: Unexpected token { in JSON at position 4
      at JSON.parse (<anonymous>)
      at C:\Users\Druid\AppData\Roaming\npm\node_modules\yarn\lib\cli.js:1625:59
      at Generator.next (<anonymous>)
      at step (C:\Users\Druid\AppData\Roaming\npm\node_modules\yarn\lib\cli.js:310:30)
      at C:\Users\Druid\AppData\Roaming\npm\node_modules\yarn\lib\cli.js:321:13

npm manifest: 
  {
    {
      "name": "Evil",
      "version": "1.0.0",
      "description": "",
      "main": "index.js",
      "scripts": {
        "start": "webpack-dev-server --history-api-fallback --inline --progress --mode development",
        "build": "webpack --config webpack.config.js  --mode production"
      },
      "author": "",
      "license": "ISC",
      "devDependencies": {
        "@babel/core": "^7.7.5",
        "@babel/preset-env": "^7.7.6",
        "@babel/preset-react": "^7.7.4",
        "babel-loader": "^8.0.6",
        "clean-webpack-plugin": "^3.0.0",
        "copy-webpack-plugin": "^5.1.1",
        "css-loader": "^3.4.2",
        "css-modules-typescript-loader": "^4.0.0",
        "file-loader": "^5.0.2",
        "html-webpack-plugin": "^3.2.0",
        "image-webpack-loader": "^6.0.0",
        "imagemin-gifsicle": "^7.0.0",
        "imagemin-jpegtran": "^6.0.0",
        "imagemin-optipng": "^7.1.0",
        "imagemin-svgo": "^7.1.0",
        "imagemin-webpack": "^5.1.1",
        "node-sass": "^4.13.1",
        "sass": "^1.25.0",
        "sass-loader": "^8.0.2",
        "style-loader": "^1.1.3",
        "ts-loader": "^6.2.1",
        "typescript": "^3.7.5",
        "webpack": "^4.41.2",
        "webpack-cli": "^3.3.10",
        "webpack-dev-server": "^3.9.0"
      },
      "dependencies": {
        "@types/react": "^16.9.19",
        "@types/react-dom": "^16.9.5",
        "@types/react-router-dom": "^5.1.3",
        "react": "^16.12.0",
        "react-dom": "^16.12.0",
        "react-router-dom": "^5.1.2"
      }
    }

yarn manifest: 
  No manifest

Lockfile: 
  No lockfile
